<?xml version="1.0" encoding="UTF-8" ?>
<testsuites>
<testsuite name="Valdi exposes valdi.inspect - inspector object" errors="0" tests="2" failures="0" time="0" timestamp="2017-03-21T14:13:45">
  <testcase classname="Valdi exposes valdi.inspect - inspector object" name="Valdi.inspect" time="0"></testcase>
  <testcase classname="Valdi exposes valdi.inspect - inspector object" name="Valdi.inspect on new object and its property" time="0"></testcase>
</testsuite>
</testsuites>