<?xml version="1.0" encoding="UTF-8" ?>
<testsuites>
<testsuite name="via Valdi.base64" errors="0" tests="3" failures="0" time="0" timestamp="2017-03-21T14:13:45">
  <testcase classname="via Valdi.base64" name="is" time="0"></testcase>
  <testcase classname="via Valdi.base64" name="encode" time="0"></testcase>
  <testcase classname="via Valdi.base64" name="decode" time="0"></testcase>
</testsuite>
</testsuites>