<?xml version="1.0" encoding="UTF-8" ?>
<testsuites>
<testsuite name="Additional validators" errors="0" tests="7" failures="0" time="0.004" timestamp="2017-03-21T13:57:34">
  <testcase classname="Additional validators" name="URL" time="0.001"></testcase>
  <testcase classname="Additional validators" name="base64" time="0.001"></testcase>
  <testcase classname="Additional validators" name="ipv4" time="0"></testcase>
  <testcase classname="Additional validators" name="ipv5" time="0.001"></testcase>
  <testcase classname="Additional validators" name="alphanumeric" time="0.001"></testcase>
  <testcase classname="Additional validators" name="regexMatch" time="0"></testcase>
  <testcase classname="Additional validators" name="jsonString" time="0"></testcase>
</testsuite>
</testsuites>