<?xml version="1.0" encoding="UTF-8" ?>
<testsuites>
<testsuite name="Valdi exposes valdi.string as toolkit object for manipulating strings" errors="0" tests="1" failures="0" time="0" timestamp="2017-03-21T14:13:45">
  <testcase classname="Valdi exposes valdi.string as toolkit object for manipulating strings" name="Valdi.string" time="0"></testcase>
</testsuite>
</testsuites>