<?xml version="1.0" encoding="UTF-8" ?>
<testsuites>
<testsuite name="Config files updated with new version" errors="0" tests="1" failures="0" time="0.001" timestamp="2017-03-21T14:13:45">
  <testcase classname="Config files updated with new version" name="Structure match" time="0"></testcase>
</testsuite>
</testsuites>