<?xml version="1.0" encoding="UTF-8" ?>
<testsuites>
<testsuite name="InputValidator" errors="0" tests="3" failures="0" time="0" timestamp="2017-03-21T13:57:34">
  <testcase classname="InputValidator" name="isAlphanumeric" time="0"></testcase>
  <testcase classname="InputValidator" name="isAlphanumeric non string" time="0"></testcase>
  <testcase classname="InputValidator" name="isAlphanumeric unsupported locale" time="0"></testcase>
</testsuite>
</testsuites>