<?xml version="1.0" encoding="UTF-8" ?>
<testsuites>
<testsuite name="String manupulations" errors="0" tests="11" failures="0" time="0.006" timestamp="2017-03-21T13:57:34">
  <testcase classname="String manupulations" name="Casting string" time="0.001"></testcase>
  <testcase classname="String manupulations" name="replace all occurences of (sub)string" time="0"></testcase>
  <testcase classname="String manupulations" name="trim" time="0"></testcase>
  <testcase classname="String manupulations" name="ltrim" time="0"></testcase>
  <testcase classname="String manupulations" name="rtrim" time="0"></testcase>
  <testcase classname="String manupulations" name="ucase" time="0"></testcase>
  <testcase classname="String manupulations" name="lcase" time="0"></testcase>
  <testcase classname="String manupulations" name="md5" time="0.001"></testcase>
  <testcase classname="String manupulations" name="sha1" time="0"></testcase>
  <testcase classname="String manupulations" name="count" time="0"></testcase>
  <testcase classname="String manupulations" name="count international" time="0"></testcase>
</testsuite>
</testsuites>