<?xml version="1.0" encoding="UTF-8" ?>
<testsuites>
<testsuite name="Config" errors="0" tests="1" failures="0" time="0" timestamp="2017-03-21T13:57:34">
  <testcase classname="Config" name="Structure" time="0"></testcase>
</testsuite>
</testsuites>