<?xml version="1.0" encoding="UTF-8" ?>
<testsuites>
<testsuite name="Validator wraps tool methods for decoding and encoding of the HTML Entities" errors="0" tests="2" failures="0" time="0.001" timestamp="2017-03-21T14:13:45">
  <testcase classname="Validator wraps tool methods for decoding and encoding of the HTML Entities" name="Encode" time="0.001"></testcase>
  <testcase classname="Validator wraps tool methods for decoding and encoding of the HTML Entities" name="Decode" time="0"></testcase>
</testsuite>
</testsuites>