<?xml version="1.0" encoding="UTF-8" ?>
<testsuites>
<testsuite name="Config files not updated with new version" errors="0" tests="2" failures="0" time="0" timestamp="2017-03-21T14:13:45">
  <testcase classname="Config files not updated with new version" name="Structure mismatch" time="0"></testcase>
  <testcase classname="Config files not updated with new version" name="Errors returned" time="0"></testcase>
</testsuite>
</testsuites>