<?xml version="1.0" encoding="UTF-8" ?>
<testsuites>
<testsuite name="ValidatorExpression can cascade expressions from object" errors="0" tests="1" failures="0" time="0" timestamp="2017-03-21T14:13:45">
  <testcase classname="ValidatorExpression can cascade expressions from object" name="AND with all three as TRUE" time="0"></testcase>
</testsuite>
</testsuites>