<?xml version="1.0" encoding="UTF-8" ?>
<testsuites>
<testsuite name="native Base64" errors="0" tests="3" failures="0" time="0.008" timestamp="2017-03-21T13:57:34">
  <testcase classname="native Base64" name="is" time="0.005"></testcase>
  <testcase classname="native Base64" name="encode" time="0"></testcase>
  <testcase classname="native Base64" name="decode" time="0"></testcase>
</testsuite>
</testsuites>