<?xml version="1.0" encoding="UTF-8" ?>
<testsuites>
<testsuite name="Valdi exposes valdi.validator as toolkit for validation" errors="0" tests="1" failures="0" time="0" timestamp="2017-03-21T13:57:34">
  <testcase classname="Valdi exposes valdi.validator as toolkit for validation" name="Valdi.validator" time="0"></testcase>
</testsuite>
</testsuites>