<?xml version="1.0" encoding="UTF-8" ?>
<testsuites>
<testsuite name="Validate multiple ranges" errors="0" tests="3" failures="0" time="0.002" timestamp="2017-03-21T13:57:34">
  <testcase classname="Validate multiple ranges" name="Year 1917" time="0"></testcase>
  <testcase classname="Validate multiple ranges" name="Year 1944" time="0.001"></testcase>
  <testcase classname="Validate multiple ranges" name="Year 1984" time="0.001"></testcase>
</testsuite>
</testsuites>