<?xml version="1.0" encoding="UTF-8" ?>
<testsuites>
<testsuite name="Shorthand implements simple validators config w. fluent interface" errors="0" tests="2" failures="0" time="0" timestamp="2017-03-21T14:13:45">
  <testcase classname="Shorthand implements simple validators config w. fluent interface" name="Configure multiple at once without value passed yet" time="0"></testcase>
  <testcase classname="Shorthand implements simple validators config w. fluent interface" name="Validate multiple just passing values" time="0"></testcase>
</testsuite>
</testsuites>